[0.012s] Invoking command in '/home/jannat/dev_ws/build/cpp_pubsub': CMAKE_PREFIX_PATH=/opt/ros/foxy /usr/bin/cmake /home/jannat/dev_ws/src/cpp_pubsub -DCMAKE_INSTALL_PREFIX=/home/jannat/dev_ws/install/cpp_pubsub
[0.066s] -- The C compiler identification is GNU 9.3.0
[0.119s] -- The CXX compiler identification is GNU 9.3.0
[0.123s] -- Check for working C compiler: /usr/bin/cc
[0.195s] -- Check for working C compiler: /usr/bin/cc -- works
[0.196s] -- Detecting C compiler ABI info
[0.268s] -- Detecting C compiler ABI info - done
[0.281s] -- Detecting C compile features
[0.281s] -- Detecting C compile features - done
[0.284s] -- Check for working CXX compiler: /usr/bin/c++
[0.368s] -- Check for working CXX compiler: /usr/bin/c++ -- works
[0.369s] -- Detecting CXX compiler ABI info
[0.447s] -- Detecting CXX compiler ABI info - done
[0.459s] -- Detecting CXX compile features
[0.459s] -- Detecting CXX compile features - done
[0.461s] -- Found ament_cmake: 0.9.9 (/opt/ros/foxy/share/ament_cmake/cmake)
[0.484s] -- Found PythonInterp: /usr/bin/python3 (found suitable version "3.8.10", minimum required is "3") 
[0.484s] -- Using PYTHON_EXECUTABLE: /usr/bin/python3
[0.662s] -- Found rclcpp: 2.4.0 (/opt/ros/foxy/share/rclcpp/cmake)
[0.703s] -- Using all available rosidl_typesupport_c: rosidl_typesupport_fastrtps_c;rosidl_typesupport_introspection_c
[0.708s] -- Found rosidl_adapter: 1.2.1 (/opt/ros/foxy/share/rosidl_adapter/cmake)
[0.774s] -- Found OpenSSL: /usr/lib/x86_64-linux-gnu/libcrypto.so (found version "1.1.1f")  
[0.801s] -- Found FastRTPS: /opt/ros/foxy/include  
[0.902s] -- Using all available rosidl_typesupport_cpp: rosidl_typesupport_fastrtps_cpp;rosidl_typesupport_introspection_cpp
[0.958s] -- Found rmw_implementation_cmake: 1.0.3 (/opt/ros/foxy/share/rmw_implementation_cmake/cmake)
[0.960s] -- Using RMW implementation 'rmw_fastrtps_cpp' as default
[0.961s] -- Looking for pthread.h
[1.034s] -- Looking for pthread.h - found
[1.034s] -- Performing Test CMAKE_HAVE_LIBC_PTHREAD
[1.108s] -- Performing Test CMAKE_HAVE_LIBC_PTHREAD - Failed
[1.108s] -- Looking for pthread_create in pthreads
[1.174s] -- Looking for pthread_create in pthreads - not found
[1.174s] -- Looking for pthread_create in pthread
[1.252s] -- Looking for pthread_create in pthread - found
[1.253s] -- Found Threads: TRUE  
[1.435s] -- Found ament_lint_auto: 0.9.6 (/opt/ros/foxy/share/ament_lint_auto/cmake)
[1.515s] -- Added test 'copyright' to check source files copyright and LICENSE
[1.516s] -- Added test 'cppcheck' to perform static code analysis on C / C++ code
[1.516s] -- Configured cppcheck include dirs: 
[1.516s] -- Configured cppcheck exclude dirs and/or files: 
[1.517s] -- Added test 'cpplint' to check C / C++ code against the Google style
[1.517s] -- Configured cpplint exclude dirs and/or files: 
[1.518s] -- Added test 'lint_cmake' to check CMake code style
[1.519s] -- Added test 'uncrustify' to check C / C++ code style
[1.519s] -- Configured uncrustify additional arguments: 
[1.520s] -- Added test 'xmllint' to check XML markup files
[1.532s] -- Configuring done
[1.552s] -- Generating done
[1.554s] -- Build files have been written to: /home/jannat/dev_ws/build/cpp_pubsub
[1.562s] Invoked command in '/home/jannat/dev_ws/build/cpp_pubsub' returned '0': CMAKE_PREFIX_PATH=/opt/ros/foxy /usr/bin/cmake /home/jannat/dev_ws/src/cpp_pubsub -DCMAKE_INSTALL_PREFIX=/home/jannat/dev_ws/install/cpp_pubsub
[1.564s] Invoking command in '/home/jannat/dev_ws/build/cpp_pubsub': CMAKE_PREFIX_PATH=/opt/ros/foxy /usr/bin/cmake --build /home/jannat/dev_ws/build/cpp_pubsub -- -j8 -l8
[1.605s] [35m[1mScanning dependencies of target listener[0m
[1.605s] [35m[1mScanning dependencies of target talker[0m
[1.667s] [ 50%] [32mBuilding CXX object CMakeFiles/listener.dir/src/subscriber_member_function.cpp.o[0m
[1.667s] [ 50%] [32mBuilding CXX object CMakeFiles/talker.dir/src/publisher_member_function.cpp.o[0m
[4.873s] [ 75%] [32m[1mLinking CXX executable talker[0m
[5.040s] [ 75%] Built target talker
[6.578s] [100%] [32m[1mLinking CXX executable listener[0m
[6.814s] [100%] Built target listener
[6.826s] Invoked command in '/home/jannat/dev_ws/build/cpp_pubsub' returned '0': CMAKE_PREFIX_PATH=/opt/ros/foxy /usr/bin/cmake --build /home/jannat/dev_ws/build/cpp_pubsub -- -j8 -l8
[6.865s] Invoking command in '/home/jannat/dev_ws/build/cpp_pubsub': CMAKE_PREFIX_PATH=/opt/ros/foxy /usr/bin/cmake --install /home/jannat/dev_ws/build/cpp_pubsub
[6.874s] -- Install configuration: ""
[6.874s] -- Installing: /home/jannat/dev_ws/install/cpp_pubsub/lib/cpp_pubsub/talker
[6.875s] -- Set runtime path of "/home/jannat/dev_ws/install/cpp_pubsub/lib/cpp_pubsub/talker" to ""
[6.875s] -- Up-to-date: /home/jannat/dev_ws/install/cpp_pubsub/lib/cpp_pubsub/talker
[6.875s] -- Installing: /home/jannat/dev_ws/install/cpp_pubsub/lib/cpp_pubsub/listener
[6.877s] -- Set runtime path of "/home/jannat/dev_ws/install/cpp_pubsub/lib/cpp_pubsub/listener" to ""
[6.877s] -- Installing: /home/jannat/dev_ws/install/cpp_pubsub/share/ament_index/resource_index/package_run_dependencies/cpp_pubsub
[6.878s] -- Installing: /home/jannat/dev_ws/install/cpp_pubsub/share/ament_index/resource_index/parent_prefix_path/cpp_pubsub
[6.878s] -- Installing: /home/jannat/dev_ws/install/cpp_pubsub/share/cpp_pubsub/environment/ament_prefix_path.sh
[6.878s] -- Installing: /home/jannat/dev_ws/install/cpp_pubsub/share/cpp_pubsub/environment/ament_prefix_path.dsv
[6.878s] -- Installing: /home/jannat/dev_ws/install/cpp_pubsub/share/cpp_pubsub/environment/path.sh
[6.878s] -- Installing: /home/jannat/dev_ws/install/cpp_pubsub/share/cpp_pubsub/environment/path.dsv
[6.879s] -- Installing: /home/jannat/dev_ws/install/cpp_pubsub/share/cpp_pubsub/local_setup.bash
[6.879s] -- Installing: /home/jannat/dev_ws/install/cpp_pubsub/share/cpp_pubsub/local_setup.sh
[6.879s] -- Installing: /home/jannat/dev_ws/install/cpp_pubsub/share/cpp_pubsub/local_setup.zsh
[6.879s] -- Installing: /home/jannat/dev_ws/install/cpp_pubsub/share/cpp_pubsub/local_setup.dsv
[6.879s] -- Installing: /home/jannat/dev_ws/install/cpp_pubsub/share/cpp_pubsub/package.dsv
[6.879s] -- Installing: /home/jannat/dev_ws/install/cpp_pubsub/share/ament_index/resource_index/packages/cpp_pubsub
[6.879s] -- Installing: /home/jannat/dev_ws/install/cpp_pubsub/share/cpp_pubsub/cmake/cpp_pubsubConfig.cmake
[6.879s] -- Installing: /home/jannat/dev_ws/install/cpp_pubsub/share/cpp_pubsub/cmake/cpp_pubsubConfig-version.cmake
[6.879s] -- Installing: /home/jannat/dev_ws/install/cpp_pubsub/share/cpp_pubsub/package.xml
[6.881s] Invoked command in '/home/jannat/dev_ws/build/cpp_pubsub' returned '0': CMAKE_PREFIX_PATH=/opt/ros/foxy /usr/bin/cmake --install /home/jannat/dev_ws/build/cpp_pubsub
